Initializing document watcher...
spproject/.gitignore: {}
spproject/src/petaccessories/filter.js: {}
spproject/src/petaccessories/css/filter.css: {}
spproject/src/petaccessories/header.js: {}
spproject/src/petaccessories/filter.js: {}
spproject/src/petaccessories/filter.js: Using EditorConfig core...
spproject/src/petaccessories/filter.js: Using EditorConfig core...
spproject/src/petaccessories/css/filter.css: {}
spproject/src/petaccessories/css/filter.css: Using EditorConfig core...
spproject/src/petaccessories/css/filter.css: {}
spproject/src/index.js: {}
spproject/src/index.js: Using EditorConfig core...
spproject/src/index.js: {}
spproject/src/petaccessories/filter.js: {}
spproject/src/petaccessories/filter.js: Using EditorConfig core...
spproject/src/index.js: {}
spproject/src/index.js: Using EditorConfig core...
spproject/src/petaccessories/css/filter.css: {}
spproject/src/petaccessories/filter.js: {}
spproject/src/petaccessories/filter.js: Using EditorConfig core...
spproject/src/index.js: {}
spproject/src/index.js: Using EditorConfig core...
spproject/src/index.js: {}
spproject/src/petaccessories/css/filter.css: {}
spproject/src/index.js: {}
spproject/src/index.js: {}
spproject/src/petaccessories/css/filter.css: {}
spproject/src/petaccessories/css/filter.css: {}
spproject/src/petaccessories/filter.js: {}
spproject/src/petaccessories/filter.js: Using EditorConfig core...
spproject/src/petaccessories/filter.js: {}
spproject/src/petaccessories/filter.js: {}
spproject/src/petaccessories/css/header.css: {}
spproject/src/petaccessories/header.js: {}
spproject/src/petaccessories/header.js: Using EditorConfig core...
spproject/src/petaccessories/filter.js: {}
spproject/src/petaccessories/filter.js: {}
spproject/src/petaccessories/filter.js: {}
spproject/.gitignore: {}
spproject/src/petaccessories/filter.js: {}
spproject/src/petaccessories/filter.js: {}
spproject/src/petaccessories/filter.js: {}
spproject/src/petaccessories/filter.js: {}
spproject/src/petaccessories/filter.js: {}
spproject/src/petaccessories/filter.js: Using EditorConfig core...
spproject/src/petaccessories/filter.js: {}
spproject/src/petaccessories/css/filter.css: {}
spproject/src/petaccessories/css/header.css: {}
spproject/src/petaccessories/css/filter.css: {}
spproject/src/petaccessories/css/filter.css: {}
spproject/src/petaccessories/css/filter.css: Using EditorConfig core...
spproject/src/petaccessories/css/filter.css: Using EditorConfig core...
spproject/src/petaccessories/css/filter.css: Using EditorConfig core...
spproject/src/petaccessories/css/filter.css: Using EditorConfig core...
spproject/src/petaccessories/css/filter.css: {}
spproject/src/petaccessories/css/filter.css: Using EditorConfig core...
spproject/src/petaccessories/css/filter.css: {}
spproject/src/petaccessories/css/filter.css: Using EditorConfig core...
spproject/src/petaccessories/css/filter.css: Using EditorConfig core...
spproject/src/petaccessories/filter.js: {}
spproject/src/petaccessories/filter.js: Using EditorConfig core...
spproject/src/petaccessories/css/filter.css: {}
spproject/src/petaccessories/css/filter.css: Using EditorConfig core...
spproject/src/petaccessories/css/filter.css: Using EditorConfig core...
spproject/src/petaccessories/css/filter.css: Using EditorConfig core...
spproject/src/petaccessories/css/filter.css: Using EditorConfig core...
spproject/src/petaccessories/css/filter.css: Using EditorConfig core...
spproject/src/petaccessories/css/filter.css: Using EditorConfig core...
spproject/src/petaccessories/css/filter.css: Using EditorConfig core...
spproject/src/petaccessories/css/filter.css: {}
spproject/src/petaccessories/css/filter.css: Using EditorConfig core...
spproject/src/petaccessories/css/filter.css: Using EditorConfig core...
spproject/src/petaccessories/css/filter.css: Using EditorConfig core...
spproject/src/petaccessories/css/filter.css: {}
spproject/src/petaccessories/css/filter.css: Using EditorConfig core...
spproject/src/petaccessories/css/filter.css: {}
spproject/src/petaccessories/css/filter.css: {}
spproject/src/petaccessories/css/filter.css: Using EditorConfig core...
spproject/src/petaccessories/css/filter.css: Using EditorConfig core...
spproject/src/petaccessories/css/filter.css: Using EditorConfig core...
spproject/src/petaccessories/css/filter.css: Using EditorConfig core...
spproject/src/petaccessories/css/filter.css: {}
spproject/src/petaccessories/filter.js: {}
spproject/src/petaccessories/filter.js: {}
spproject/src/petaccessories/filter.js: {}
spproject/src/petaccessories/filter.js: Using EditorConfig core...
spproject/src/petaccessories/css/filter.css: {}
spproject/src/petaccessories/css/filter.css: Using EditorConfig core...
spproject/src/petaccessories/css/filter.css: {}
spproject/src/petaccessories/css/filter.css: {}
spproject/src/petaccessories/css/filter.css: {}
spproject/src/petaccessories/css/filter.css: {}
spproject/src/petaccessories/filter.js: {}
spproject/src/petaccessories/filter.js: {}
spproject/src/petaccessories/filter.js: {}
spproject/src/petaccessories/filter.js: Using EditorConfig core...
spproject/src/petaccessories/filter.js: Using EditorConfig core...
spproject/src/petaccessories/filter.js: {}
spproject/src/petaccessories/filter.js: Using EditorConfig core...
spproject/src/petaccessories/css/filter.css: {}
spproject/src/petaccessories/css/filter.css: {}
spproject/src/petaccessories/css/filter.css: Using EditorConfig core...
spproject/src/petaccessories/css/filter.css: {}
spproject/src/petaccessories/css/filter.css: {}
spproject/src/petaccessories/css/filter.css: Using EditorConfig core...
spproject/src/petaccessories/css/filter.css: Using EditorConfig core...
spproject/src/petaccessories/filter.js: {}
spproject/src/petaccessories/filter.js: {}
spproject/src/petaccessories/filter.js: {}
spproject/src/petaccessories/filter.js: Using EditorConfig core...
spproject/src/petaccessories/css/filter.css: {}
spproject/src/petaccessories/css/filter.css: Using EditorConfig core...
spproject/src/petaccessories/css/filter.css: {}
spproject/src/petaccessories/filter.js: {}
spproject/src/petaccessories/filter.js: Using EditorConfig core...
spproject/src/petaccessories/filter.js: Using EditorConfig core...
spproject/src/petaccessories/filter.js: {}
spproject/src/petaccessories/filter.js: Using EditorConfig core...
spproject/src/petaccessories/filter.js: Using EditorConfig core...
spproject/src/petaccessories/filter.js: {}
spproject/src/petaccessories/filter.js: Using EditorConfig core...
spproject/src/petaccessories/filter.js: Using EditorConfig core...
spproject/src/petaccessories/filter.js: Using EditorConfig core...
spproject/src/petaccessories/filter.js: {}
spproject/src/petaccessories/filter.js: Using EditorConfig core...
spproject/src/petaccessories/filter.js: Using EditorConfig core...
spproject/src/petaccessories/filter.js: Using EditorConfig core...
spproject/src/petaccessories/filter.js: {}
spproject/src/petaccessories/filter.js: {}
spproject/src/petaccessories/filter.js: {}
spproject/src/petaccessories/filter.js: Using EditorConfig core...
spproject/src/petaccessories/filter.js: Using EditorConfig core...
spproject/src/petaccessories/filter.js: {}
spproject/src/petaccessories/filter.js: Using EditorConfig core...
spproject/src/petaccessories/filter.js: Using EditorConfig core...
spproject/src/petaccessories/filter.js: {}
spproject/src/petaccessories/filter.js: {}
spproject/src/petaccessories/filter.js: {}
spproject/src/petaccessories/filter.js: {}
spproject/src/petaccessories/filter.js: Using EditorConfig core...
spproject/src/petaccessories/filter.js: Using EditorConfig core...
spproject/src/petaccessories/filter.js: Using EditorConfig core...
spproject/src/petaccessories/filter.js: {}
spproject/src/petaccessories/filter.js: Using EditorConfig core...
spproject/src/petaccessories/css/filter.css: {}
spproject/src/petaccessories/css/filter.css: Using EditorConfig core...
spproject/src/petaccessories/css/filter.css: Using EditorConfig core...
spproject/src/petaccessories/css/filter.css: {}
spproject/src/petaccessories/filter.js: {}
spproject/src/petaccessories/filter.js: Using EditorConfig core...
spproject/src/petaccessories/filter.js: Using EditorConfig core...
spproject/src/petaccessories/filter.js: {}
spproject/src/petaccessories/filter.js: {}
spproject/src/petaccessories/filter.js: Using EditorConfig core...
spproject/src/petaccessories/css/filter.css: {}
spproject/src/petaccessories/css/filter.css: Using EditorConfig core...
spproject/src/petaccessories/filter.js: {}
spproject/src/petaccessories/filter.js: Using EditorConfig core...
spproject/src/petaccessories/filter.js: Using EditorConfig core...
spproject/src/petaccessories/filter.js: {}
spproject/src/petaccessories/css/filter.css: {}
spproject/src/petaccessories/css/filter.css: Using EditorConfig core...
spproject/src/petaccessories/css/filter.css: Using EditorConfig core...
spproject/src/petaccessories/css/filter.css: Using EditorConfig core...
spproject/src/petaccessories/css/filter.css: {}
spproject/src/petaccessories/filter.js: {}
spproject/src/petaccessories/filter.js: Using EditorConfig core...
spproject/src/petaccessories/css/filter.css: {}
spproject/src/petaccessories/css/filter.css: Using EditorConfig core...
spproject/src/petaccessories/css/filter.css: Using EditorConfig core...
spproject/src/petaccessories/css/filter.css: Using EditorConfig core...
spproject/src/petaccessories/css/filter.css: Using EditorConfig core...
spproject/src/petaccessories/css/filter.css: Using EditorConfig core...
spproject/src/petaccessories/css/filter.css: Using EditorConfig core...
spproject/src/petaccessories/css/filter.css: Using EditorConfig core...
spproject/src/petaccessories/css/filter.css: Using EditorConfig core...
spproject/src/petaccessories/css/filter.css: Using EditorConfig core...
spproject/src/petaccessories/css/filter.css: {}
spproject/src/petaccessories/css/filter.css: Using EditorConfig core...
spproject/src/petaccessories/css/filter.css: {}
spproject/src/petaccessories/css/filter.css: Using EditorConfig core...
spproject/src/petaccessories/css/filter.css: {}
spproject/src/petaccessories/css/filter.css: {}
spproject/src/petaccessories/css/filter.css: {}
spproject/src/petaccessories/css/filter.css: Using EditorConfig core...
spproject/src/petaccessories/css/filter.css: Using EditorConfig core...
spproject/src/petaccessories/css/filter.css: Using EditorConfig core...
spproject/src/petaccessories/css/filter.css: {}
spproject/src/petaccessories/css/filter.css: Using EditorConfig core...
spproject/src/petaccessories/css/filter.css: {}
spproject/src/petaccessories/css/filter.css: {}
spproject/src/petaccessories/css/filter.css: {}
spproject/src/petaccessories/css/filter.css: {}
spproject/src/petaccessories/css/filter.css: Using EditorConfig core...
spproject/src/petaccessories/css/filter.css: {}
spproject/public/index.html: {}
spproject/src/petaccessories/css/filter.css: {}
spproject/src/petaccessories/filter.js: {}
spproject/src/petaccessories/filter.js: {}
spproject/src/petaccessories/filter.js: {}
