[2021-09-06 08:44:14.901] [exthost] [info] extension host started
[2021-09-06 08:44:14.902] [exthost] [info] Skipping acquiring lock for /Users/yobahbertrandyonkou/Projects/JavaScript/Node.js/spproject/~/root/User/workspaceStorage/4dc4bd29a85e1a9358d0600313097e82.
[2021-09-06 08:44:14.935] [exthost] [info] ExtensionService#_doActivateExtension vscode.microsoft-authentication {"startup":false,"extensionId":{"value":"vscode.microsoft-authentication","_lower":"vscode.microsoft-authentication"},"activationEvent":"onAuthenticationRequest:microsoft"}
[2021-09-06 08:44:14.935] [exthost] [info] ExtensionService#loadCommonJSModule file:///Applications/Visual Studio Code.app/Contents/Resources/app/extensions/microsoft-authentication/dist/extension.js
[2021-09-06 08:44:14.964] [exthost] [info] ExtensionService#_doActivateExtension vscode.debug-auto-launch {"startup":true,"extensionId":{"value":"vscode.debug-auto-launch","_lower":"vscode.debug-auto-launch"},"activationEvent":"*"}
[2021-09-06 08:44:14.964] [exthost] [info] ExtensionService#loadCommonJSModule file:///Applications/Visual Studio Code.app/Contents/Resources/app/extensions/debug-auto-launch/dist/extension
[2021-09-06 08:44:14.966] [exthost] [info] ExtensionService#_doActivateExtension vscode.git {"startup":true,"extensionId":{"value":"vscode.github","_lower":"vscode.github"},"activationEvent":"*"}
[2021-09-06 08:44:14.966] [exthost] [info] ExtensionService#loadCommonJSModule file:///Applications/Visual Studio Code.app/Contents/Resources/app/extensions/git/dist/main
[2021-09-06 08:44:15.022] [exthost] [info] ExtensionService#_doActivateExtension vscode.npm {"startup":true,"extensionId":{"value":"vscode.npm","_lower":"vscode.npm"},"activationEvent":"workspaceContains:package.json"}
[2021-09-06 08:44:15.022] [exthost] [info] ExtensionService#loadCommonJSModule file:///Applications/Visual Studio Code.app/Contents/Resources/app/extensions/npm/dist/npmMain
[2021-09-06 08:44:15.074] [exthost] [info] ExtensionService#_doActivateExtension ms-vscode.js-debug {"startup":false,"extensionId":{"value":"ms-vscode.js-debug","_lower":"ms-vscode.js-debug"},"activationEvent":"onCommand:extension.js-debug.clearAutoAttachVariables"}
[2021-09-06 08:44:15.075] [exthost] [info] ExtensionService#loadCommonJSModule file:///Applications/Visual Studio Code.app/Contents/Resources/app/extensions/ms-vscode.js-debug/src/extension.js
[2021-09-06 08:44:15.279] [exthost] [info] ExtensionService#_doActivateExtension vscode.github-authentication {"startup":false,"extensionId":{"value":"vscode.github-authentication","_lower":"vscode.github-authentication"},"activationEvent":"onAuthenticationRequest:github"}
[2021-09-06 08:44:15.280] [exthost] [info] ExtensionService#loadCommonJSModule file:///Applications/Visual Studio Code.app/Contents/Resources/app/extensions/github-authentication/dist/extension.js
[2021-09-06 08:44:16.931] [exthost] [info] ExtensionService#_doActivateExtension vscode.github {"startup":true,"extensionId":{"value":"vscode.github","_lower":"vscode.github"},"activationEvent":"*"}
[2021-09-06 08:44:16.931] [exthost] [info] ExtensionService#loadCommonJSModule file:///Applications/Visual Studio Code.app/Contents/Resources/app/extensions/github/dist/extension.js
[2021-09-06 08:44:16.943] [exthost] [info] eager extensions activated
[2021-09-06 08:44:16.944] [exthost] [info] ExtensionService#_doActivateExtension vscode.emmet {"startup":false,"extensionId":{"value":"vscode.emmet","_lower":"vscode.emmet"},"activationEvent":"onStartupFinished"}
[2021-09-06 08:44:16.944] [exthost] [info] ExtensionService#loadCommonJSModule file:///Applications/Visual Studio Code.app/Contents/Resources/app/extensions/emmet/dist/node/emmetNodeMain
[2021-09-06 08:44:16.957] [exthost] [info] ExtensionService#_doActivateExtension vscode.merge-conflict {"startup":false,"extensionId":{"value":"vscode.merge-conflict","_lower":"vscode.merge-conflict"},"activationEvent":"onStartupFinished"}
[2021-09-06 08:44:16.957] [exthost] [info] ExtensionService#loadCommonJSModule file:///Applications/Visual Studio Code.app/Contents/Resources/app/extensions/merge-conflict/dist/mergeConflictMain
[2021-09-06 08:44:16.961] [exthost] [info] ExtensionService#_doActivateExtension ms-vscode-remote.remote-containers {"startup":false,"extensionId":{"value":"ms-vscode-remote.remote-containers","_lower":"ms-vscode-remote.remote-containers"},"activationEvent":"onStartupFinished"}
[2021-09-06 08:44:16.961] [exthost] [info] ExtensionService#loadCommonJSModule file:///Users/yobahbertrandyonkou/.vscode/extensions/ms-vscode-remote.remote-containers-0.194.0/dist/extension/extension
[2021-09-06 08:44:18.175] [exthost] [info] ExtensionService#_doActivateExtension CoenraadS.bracket-pair-colorizer {"startup":false,"extensionId":{"value":"CoenraadS.bracket-pair-colorizer","_lower":"coenraads.bracket-pair-colorizer"},"activationEvent":"*"}
[2021-09-06 08:44:18.175] [exthost] [info] ExtensionService#loadCommonJSModule file:///Users/yobahbertrandyonkou/.vscode/extensions/coenraads.bracket-pair-colorizer-1.0.61/out/src/extension
[2021-09-06 08:44:18.187] [exthost] [info] ExtensionService#_doActivateExtension EditorConfig.EditorConfig {"startup":false,"extensionId":{"value":"EditorConfig.EditorConfig","_lower":"editorconfig.editorconfig"},"activationEvent":"*"}
[2021-09-06 08:44:18.187] [exthost] [info] ExtensionService#loadCommonJSModule file:///Users/yobahbertrandyonkou/.vscode/extensions/editorconfig.editorconfig-0.16.4/out/editorConfigMain.js
[2021-09-06 08:44:18.198] [exthost] [info] ExtensionService#_doActivateExtension ritwickdey.LiveServer {"startup":false,"extensionId":{"value":"ritwickdey.LiveServer","_lower":"ritwickdey.liveserver"},"activationEvent":"*"}
[2021-09-06 08:44:18.198] [exthost] [info] ExtensionService#loadCommonJSModule file:///Users/yobahbertrandyonkou/.vscode/extensions/ritwickdey.liveserver-5.6.1/out/src/extension
[2021-09-06 08:44:18.434] [exthost] [info] ExtensionService#_doActivateExtension streetsidesoftware.code-spell-checker {"startup":false,"extensionId":{"value":"streetsidesoftware.code-spell-checker","_lower":"streetsidesoftware.code-spell-checker"},"activationEvent":"*"}
[2021-09-06 08:44:18.434] [exthost] [info] ExtensionService#loadCommonJSModule file:///Users/yobahbertrandyonkou/.vscode/extensions/streetsidesoftware.code-spell-checker-2.0.4/packages/client/dist/extension.js
[2021-09-06 08:44:18.493] [exthost] [info] ExtensionService#_doActivateExtension WakaTime.vscode-wakatime {"startup":false,"extensionId":{"value":"WakaTime.vscode-wakatime","_lower":"wakatime.vscode-wakatime"},"activationEvent":"*"}
[2021-09-06 08:44:18.493] [exthost] [info] ExtensionService#loadCommonJSModule file:///Users/yobahbertrandyonkou/.vscode/extensions/wakatime.vscode-wakatime-17.0.0/dist/extension
[2021-09-06 08:44:18.555] [exthost] [info] ExtensionService#_doActivateExtension planbcoding.vscode-react-refactor {"startup":false,"extensionId":{"value":"planbcoding.vscode-react-refactor","_lower":"planbcoding.vscode-react-refactor"},"activationEvent":"workspaceContains:package.json"}
[2021-09-06 08:44:18.555] [exthost] [info] ExtensionService#loadCommonJSModule file:///Users/yobahbertrandyonkou/.vscode/extensions/planbcoding.vscode-react-refactor-1.1.3/dist/extension
[2021-09-06 08:44:18.643] [exthost] [info] ExtensionService#_doActivateExtension vscode.configuration-editing {"startup":false,"extensionId":{"value":"vscode.configuration-editing","_lower":"vscode.configuration-editing"},"activationEvent":"onLanguage:jsonc"}
[2021-09-06 08:44:18.643] [exthost] [info] ExtensionService#loadCommonJSModule file:///Applications/Visual Studio Code.app/Contents/Resources/app/extensions/configuration-editing/dist/configurationEditingMain
[2021-09-06 08:44:18.647] [exthost] [info] ExtensionService#_doActivateExtension vscode.json-language-features {"startup":false,"extensionId":{"value":"vscode.json-language-features","_lower":"vscode.json-language-features"},"activationEvent":"onLanguage:jsonc"}
[2021-09-06 08:44:18.647] [exthost] [info] ExtensionService#loadCommonJSModule file:///Applications/Visual Studio Code.app/Contents/Resources/app/extensions/json-language-features/client/dist/node/jsonClientMain
[2021-09-06 08:44:18.688] [exthost] [info] ExtensionService#_doActivateExtension vscode.typescript-language-features {"startup":false,"extensionId":{"value":"vscode.typescript-language-features","_lower":"vscode.typescript-language-features"},"activationEvent":"onLanguage:jsonc"}
[2021-09-06 08:44:18.688] [exthost] [info] ExtensionService#loadCommonJSModule file:///Applications/Visual Studio Code.app/Contents/Resources/app/extensions/typescript-language-features/dist/extension
[2021-09-06 08:44:25.993] [exthost] [info] extension host terminating: renderer closed the socket
[2021-09-06 08:44:27.009] [exthost] [info] exiting with code 0
